<?xml version="1.0" encoding="UTF-8"?>
<!-- Generated by org.testng.reporters.JUnitReportReporter -->
<testsuite skipped="0" hostname="LAPTOP-TSJUPG76" name="com.capgemini.runner.TestScriptRunner" tests="1" failures="0" timestamp="05 May 2020 08:33:01 GMT" time="26.314" errors="0">
  <testcase name="feature" time="26.314" classname="com.capgemini.runner.TestScriptRunner"/>
</testsuite> <!-- com.capgemini.runner.TestScriptRunner -->
