<?xml version="1.0" encoding="UTF-8"?>
<!-- Generated by org.testng.reporters.JUnitReportReporter -->
<testsuite skipped="0" hostname="LAPTOP-TSJUPG76" name="com.capgemini.runner.TestScript2runner" tests="1" failures="0" timestamp="02 May 2020 15:18:23 GMT" time="0.041" errors="0">
  <testcase name="feature" time="0.041" classname="com.capgemini.runner.TestScript2runner"/>
</testsuite> <!-- com.capgemini.runner.TestScript2runner -->
