<?xml version="1.0" encoding="UTF-8"?>
<!-- Generated by org.testng.reporters.JUnitReportReporter -->
<testsuite skipped="0" hostname="LAPTOP-TSJUPG76" name="com.capgemini.runner.Scenario1Runner" tests="1" failures="0" timestamp="21 May 2020 07:06:56 GMT" time="203.826" errors="0">
  <testcase name="feature" time="203.826" classname="com.capgemini.runner.Scenario1Runner"/>
</testsuite> <!-- com.capgemini.runner.Scenario1Runner -->
