<?xml version="1.0" encoding="UTF-8"?>
<!-- Generated by org.testng.reporters.JUnitReportReporter -->
<testsuite skipped="0" hostname="LAPTOP-TSJUPG76" name="com.capgemini.runner.ABOUTRunner" tests="1" failures="0" timestamp="21 May 2020 00:17:20 GMT" time="25.864" errors="0">
  <testcase name="feature" time="25.864" classname="com.capgemini.runner.ABOUTRunner"/>
</testsuite> <!-- com.capgemini.runner.ABOUTRunner -->
