<?xml version="1.0" encoding="UTF-8"?>
<!-- Generated by org.testng.reporters.JUnitReportReporter -->
<testsuite skipped="1" hostname="LAPTOP-TSJUPG76" name="com.capgemini.runner.TC_DailyDeals_001Runner" tests="1" failures="0" timestamp="01 May 2020 06:19:18 GMT" time="0.000" errors="0">
  <testcase name="feature" time="0.000" classname="com.capgemini.runner.TC_DailyDeals_001Runner">
    <skipped/>
  </testcase> <!-- feature -->
</testsuite> <!-- com.capgemini.runner.TC_DailyDeals_001Runner -->
