<?xml version="1.0" encoding="UTF-8"?>
<!-- Generated by org.testng.reporters.JUnitReportReporter -->
<testsuite skipped="0" hostname="LAPTOP-TSJUPG76" name="com.capgemini.runner.Runner1" tests="1" failures="0" timestamp="01 May 2020 06:56:24 GMT" time="0.042" errors="0">
  <testcase name="feature" time="0.042" classname="com.capgemini.runner.Runner1"/>
</testsuite> <!-- com.capgemini.runner.Runner1 -->
