<?xml version="1.0" encoding="UTF-8"?>
<!-- Generated by org.testng.reporters.JUnitReportReporter -->
<testsuite skipped="0" hostname="LAPTOP-TSJUPG76" name="com.capgemini.runner.TC_ADD_SL_02Runner" tests="1" failures="0" timestamp="14 May 2020 00:41:40 GMT" time="43.453" errors="0">
  <testcase name="feature" time="43.453" classname="com.capgemini.runner.TC_ADD_SL_02Runner"/>
</testsuite> <!-- com.capgemini.runner.TC_ADD_SL_02Runner -->
