<?xml version="1.0" encoding="UTF-8"?>
<!-- Generated by org.testng.reporters.JUnitReportReporter -->
<testsuite skipped="0" hostname="LAPTOP-TSJUPG76" name="com.capgemini.runner.TC_REMOVE_FROM_SL_03Runner" tests="1" failures="0" timestamp="14 May 2020 00:42:50 GMT" time="25.468" errors="0">
  <testcase name="feature" time="25.468" classname="com.capgemini.runner.TC_REMOVE_FROM_SL_03Runner"/>
</testsuite> <!-- com.capgemini.runner.TC_REMOVE_FROM_SL_03Runner -->
