<?xml version="1.0" encoding="UTF-8"?>
<!-- Generated by org.testng.reporters.JUnitReportReporter -->
<testsuite skipped="0" hostname="LAPTOP-TSJUPG76" name="com.capgemini.runner.TC_SIGNIN_01Runner" tests="1" failures="0" timestamp="21 May 2020 00:17:20 GMT" time="35.500" errors="0">
  <testcase name="feature" time="35.500" classname="com.capgemini.runner.TC_SIGNIN_01Runner"/>
</testsuite> <!-- com.capgemini.runner.TC_SIGNIN_01Runner -->
