<?xml version="1.0" encoding="UTF-8"?>
<!-- Generated by org.testng.reporters.JUnitReportReporter -->
<testsuite skipped="0" hostname="LAPTOP-TSJUPG76" name="com.capgemini.runner.TC_LOGIN_01_Test" tests="1" failures="0" timestamp="02 May 2020 05:05:01 GMT" time="16.136" errors="0">
  <testcase name="feature" time="16.136" classname="com.capgemini.runner.TC_LOGIN_01_Test"/>
</testsuite> <!-- com.capgemini.runner.TC_LOGIN_01_Test -->
