<?xml version="1.0" encoding="UTF-8"?>
<!-- Generated by org.testng.reporters.JUnitReportReporter -->
<testsuite skipped="0" hostname="LAPTOP-TSJUPG76" name="com.capgemini.runner.TC_ADD_TO_CART_04Runner" tests="1" failures="0" timestamp="14 May 2020 00:45:18 GMT" time="30.592" errors="0">
  <testcase name="feature" time="30.592" classname="com.capgemini.runner.TC_ADD_TO_CART_04Runner"/>
</testsuite> <!-- com.capgemini.runner.TC_ADD_TO_CART_04Runner -->
