<?xml version="1.0" encoding="UTF-8"?>
<!-- Generated by org.testng.reporters.JUnitReportReporter -->
<testsuite skipped="0" hostname="LAPTOP-TSJUPG76" name="com.capgemini.runner.TestScript1runner" tests="1" failures="0" timestamp="02 May 2020 15:07:15 GMT" time="0.038" errors="0">
  <testcase name="feature" time="0.038" classname="com.capgemini.runner.TestScript1runner"/>
</testsuite> <!-- com.capgemini.runner.TestScript1runner -->
